<?xml version="1.0" encoding="UTF-8"?>
<!-- Generated by org.testng.reporters.JUnitReportReporter -->
<testsuite hostname="DESKTOP-IN31LR7" failures="0" tests="1" name="testPackage.TC_RoyaleEnfield_004_Test" time="5.537" errors="0" timestamp="2025-03-15T11:41:56 IST" skipped="0">
  <testcase classname="testPackage.TC_RoyaleEnfield_004_Test" name="launchRoyaleEnfield" time="5.537"/>
</testsuite> <!-- testPackage.TC_RoyaleEnfield_004_Test -->
