<?xml version="1.0" encoding="UTF-8"?>
<!-- Generated by org.testng.reporters.JUnitReportReporter -->
<testsuite hostname="DESKTOP-IN31LR7" failures="0" tests="1" name="testPackage.TC_Audi_007_Test" time="17.607" errors="0" timestamp="2025-03-15T11:41:56 IST" skipped="0">
  <testcase classname="testPackage.TC_Audi_007_Test" name="launchMyAudi" time="17.607"/>
</testsuite> <!-- testPackage.TC_Audi_007_Test -->
