<?xml version="1.0" encoding="UTF-8"?>
<!-- Generated by org.testng.reporters.JUnitReportReporter -->
<testsuite hostname="DESKTOP-IN31LR7" failures="0" tests="2" name="testNGAnnotations.ToUnderstandAnnotations" time="0.019" errors="0" timestamp="2025-03-07T11:36:32 IST" skipped="0">
  <testcase classname="testNGAnnotations.ToUnderstandAnnotations" name="test2" time="0.003"/>
  <system-out>
    <![CDATA[This is TestCAse 2]]>
  </system-out>
  <testcase classname="testNGAnnotations.ToUnderstandAnnotations" name="test1" time="0.016"/>
  <system-out>
    <![CDATA[This is TestCAse 1]]>
  </system-out>
</testsuite> <!-- testNGAnnotations.ToUnderstandAnnotations -->
