<?xml version="1.0" encoding="UTF-8"?>
<!-- Generated by org.testng.reporters.JUnitReportReporter -->
<testsuite hostname="DESKTOP-IN31LR7" failures="0" tests="2" name="testNGExecution.LaunchTwitter" time="11.797" errors="0" timestamp="2025-03-05T19:12:57 IST" skipped="0">
  <testcase classname="testNGExecution.LaunchTwitter" name="launchTwitterTC" time="5.818"/>
  <system-out/>
  <testcase classname="testNGExecution.LaunchTwitter" name="launchTwitterTC" time="5.979"/>
  <system-out/>
</testsuite> <!-- testNGExecution.LaunchTwitter -->
