<?xml version="1.0" encoding="UTF-8"?>
<!-- Generated by org.testng.reporters.JUnitReportReporter -->
<testsuite hostname="DESKTOP-IN31LR7" failures="0" tests="2" name="testNGExecution.LaunchInstagram" time="13.195" errors="0" timestamp="2025-03-05T19:12:57 IST" skipped="0">
  <testcase classname="testNGExecution.LaunchInstagram" name="launchInstagramTc" time="6.741"/>
  <system-out/>
  <testcase classname="testNGExecution.LaunchInstagram" name="launchInstagramTc" time="6.454"/>
  <system-out/>
</testsuite> <!-- testNGExecution.LaunchInstagram -->
