<?xml version="1.0" encoding="UTF-8"?>
<!-- Generated by org.testng.reporters.JUnitReportReporter -->
<testsuite hostname="DESKTOP-IN31LR7" failures="0" tests="1" name="testNGpackage1.ToUnderstandTimeOut" time="6.510" errors="0" timestamp="2025-03-04T12:20:10 IST" skipped="0">
  <testcase classname="testNGpackage1.ToUnderstandTimeOut" name="launchSelenium" time="6.510"/>
  <system-out/>
</testsuite> <!-- testNGpackage1.ToUnderstandTimeOut -->
