<?xml version="1.0" encoding="UTF-8"?>
<!-- Generated by org.testng.reporters.JUnitReportReporter -->
<testsuite hostname="DESKTOP-IN31LR7" failures="0" tests="2" name="testNGpackage1.ToUnderstandEnabled" time="16.603" errors="0" timestamp="2025-03-04T11:45:06 IST" skipped="1">
  <testcase classname="testNGpackage1.ToUnderstandEnabled" name="launchSelenium" time="16.603"/>
  <system-out/>
  <testcase classname="testNGpackage1.ToUnderstandEnabled" name="launchjavaTpoint">
    <skipped/>
  </testcase> <!-- launchjavaTpoint -->
  <system-out/>
</testsuite> <!-- testNGpackage1.ToUnderstandEnabled -->
