<?xml version="1.0" encoding="UTF-8"?>
<!-- Generated by org.testng.reporters.JUnitReportReporter -->
<testsuite hostname="DESKTOP-IN31LR7" failures="0" tests="1" name="testNGExecution2.LaunchTwitter" time="5.448" errors="0" timestamp="2025-03-05T19:16:16 IST" skipped="0">
  <testcase classname="testNGExecution2.LaunchTwitter" name="launchTwitterTC" time="5.448"/>
  <system-out/>
</testsuite> <!-- testNGExecution2.LaunchTwitter -->
