<?xml version="1.0" encoding="UTF-8"?>
<!-- Generated by org.testng.reporters.JUnitReportReporter -->
<testsuite hostname="DESKTOP-IN31LR7" failures="0" tests="1" name="testNGExecution2.LaunchKawasaki" time="5.255" errors="0" timestamp="2025-03-05T19:15:08 IST" skipped="0">
  <testcase classname="testNGExecution2.LaunchKawasaki" name="launchKawasakiTC" time="5.255"/>
  <system-out/>
</testsuite> <!-- testNGExecution2.LaunchKawasaki -->
